{"C:\\Users\\Orel Balilti\\Documents\\Projects\\Sugoi\\redis\\dist\\index.js": {"path":"C:\\Users\\Orel Balilti\\Documents\\Projects\\Sugoi\\redis\\dist\\index.js","statementMap":{"0":{"start":{"line":2,"column":0},"end":{"line":2,"column":62}},"1":{"start":{"line":3,"column":0},"end":{"line":3,"column":16}},"2":{"start":{"line":4,"column":23},"end":{"line":4,"column":59}},"3":{"start":{"line":5,"column":0},"end":{"line":5,"column":55}},"4":{"start":{"line":6,"column":24},"end":{"line":6,"column":63}},"5":{"start":{"line":7,"column":0},"end":{"line":7,"column":50}},"6":{"start":{"line":8,"column":41},"end":{"line":8,"column":96}},"7":{"start":{"line":9,"column":0},"end":{"line":9,"column":87}},"8":{"start":{"line":10,"column":30},"end":{"line":10,"column":72}},"9":{"start":{"line":11,"column":0},"end":{"line":11,"column":58}},"10":{"start":{"line":12,"column":0},"end":{"line":12,"column":62}},"11":{"start":{"line":13,"column":29},"end":{"line":13,"column":73}},"12":{"start":{"line":14,"column":0},"end":{"line":14,"column":63}},"13":{"start":{"line":15,"column":0},"end":{"line":15,"column":65}},"14":{"start":{"line":16,"column":30},"end":{"line":16,"column":72}},"15":{"start":{"line":17,"column":0},"end":{"line":17,"column":64}}},"fnMap":{},"branchMap":{},"s":{"0":1,"1":1,"2":1,"3":1,"4":1,"5":1,"6":1,"7":1,"8":1,"9":1,"10":1,"11":1,"12":1,"13":1,"14":1,"15":1},"f":{},"b":{},"_coverageSchema":"332fd63041d2c1bcb487cc26dd0d5f7d97098a6c","hash":"d8c46abe42fb2e7fef70b46fd258cfda36dab4b0"}
,"C:\\Users\\Orel Balilti\\Documents\\Projects\\Sugoi\\redis\\dist\\classes\\pub-sub-message.class.js": {"path":"C:\\Users\\Orel Balilti\\Documents\\Projects\\Sugoi\\redis\\dist\\classes\\pub-sub-message.class.js","statementMap":{"0":{"start":{"line":2,"column":0},"end":{"line":2,"column":62}},"1":{"start":{"line":5,"column":8},"end":{"line":5,"column":25}},"2":{"start":{"line":6,"column":8},"end":{"line":6,"column":25}},"3":{"start":{"line":7,"column":8},"end":{"line":7,"column":31}},"4":{"start":{"line":8,"column":8},"end":{"line":8,"column":51}},"5":{"start":{"line":9,"column":8},"end":{"line":12,"column":9}},"6":{"start":{"line":10,"column":12},"end":{"line":10,"column":35}},"7":{"start":{"line":11,"column":12},"end":{"line":11,"column":29}},"8":{"start":{"line":15,"column":8},"end":{"line":15,"column":31}},"9":{"start":{"line":16,"column":8},"end":{"line":16,"column":20}},"10":{"start":{"line":19,"column":0},"end":{"line":19,"column":38}},"11":{"start":{"line":21,"column":0},"end":{"line":26,"column":68}},"12":{"start":{"line":22,"column":4},"end":{"line":22,"column":33}},"13":{"start":{"line":23,"column":4},"end":{"line":23,"column":35}},"14":{"start":{"line":24,"column":4},"end":{"line":24,"column":35}},"15":{"start":{"line":25,"column":4},"end":{"line":25,"column":33}}},"fnMap":{"0":{"name":"(anonymous_0)","decl":{"start":{"line":4,"column":4},"end":{"line":4,"column":5}},"loc":{"start":{"line":4,"column":37},"end":{"line":13,"column":5}},"line":4},"1":{"name":"(anonymous_1)","decl":{"start":{"line":14,"column":4},"end":{"line":14,"column":5}},"loc":{"start":{"line":14,"column":24},"end":{"line":17,"column":5}},"line":14},"2":{"name":"(anonymous_2)","decl":{"start":{"line":21,"column":1},"end":{"line":21,"column":2}},"loc":{"start":{"line":21,"column":24},"end":{"line":26,"column":1}},"line":21}},"branchMap":{"0":{"loc":{"start":{"line":9,"column":8},"end":{"line":12,"column":9}},"type":"if","locations":[{"start":{"line":9,"column":8},"end":{"line":12,"column":9}},{"start":{"line":9,"column":8},"end":{"line":12,"column":9}}],"line":9},"1":{"loc":{"start":{"line":26,"column":17},"end":{"line":26,"column":66}},"type":"binary-expr","locations":[{"start":{"line":26,"column":17},"end":{"line":26,"column":36}},{"start":{"line":26,"column":41},"end":{"line":26,"column":65}}],"line":26}},"s":{"0":1,"1":56,"2":56,"3":56,"4":56,"5":56,"6":0,"7":0,"8":8,"9":8,"10":1,"11":1,"12":1,"13":1,"14":1,"15":1},"f":{"0":56,"1":8,"2":1},"b":{"0":[0,56],"1":[1,1]},"_coverageSchema":"332fd63041d2c1bcb487cc26dd0d5f7d97098a6c","hash":"375b16d5386074633ea28ce7fb3690a791e8e928"}
,"C:\\Users\\Orel Balilti\\Documents\\Projects\\Sugoi\\redis\\dist\\classes\\redis-intercept.proxy.js": {"path":"C:\\Users\\Orel Balilti\\Documents\\Projects\\Sugoi\\redis\\dist\\classes\\redis-intercept.proxy.js","statementMap":{"0":{"start":{"line":2,"column":0},"end":{"line":2,"column":62}},"1":{"start":{"line":5,"column":8},"end":{"line":5,"column":26}},"2":{"start":{"line":8,"column":8},"end":{"line":20,"column":9}},"3":{"start":{"line":10,"column":12},"end":{"line":19,"column":13}},"4":{"start":{"line":11,"column":16},"end":{"line":15,"column":19}},"5":{"start":{"line":13,"column":24},"end":{"line":13,"column":100}},"6":{"start":{"line":18,"column":16},"end":{"line":18,"column":78}},"7":{"start":{"line":21,"column":8},"end":{"line":21,"column":41}},"8":{"start":{"line":24,"column":0},"end":{"line":24,"column":50}}},"fnMap":{"0":{"name":"(anonymous_0)","decl":{"start":{"line":4,"column":4},"end":{"line":4,"column":5}},"loc":{"start":{"line":4,"column":21},"end":{"line":6,"column":5}},"line":4},"1":{"name":"(anonymous_1)","decl":{"start":{"line":7,"column":4},"end":{"line":7,"column":5}},"loc":{"start":{"line":7,"column":32},"end":{"line":22,"column":5}},"line":7}},"branchMap":{"0":{"loc":{"start":{"line":8,"column":8},"end":{"line":20,"column":9}},"type":"if","locations":[{"start":{"line":8,"column":8},"end":{"line":20,"column":9}},{"start":{"line":8,"column":8},"end":{"line":20,"column":9}}],"line":8},"1":{"loc":{"start":{"line":8,"column":12},"end":{"line":9,"column":48}},"type":"binary-expr","locations":[{"start":{"line":8,"column":12},"end":{"line":8,"column":38}},{"start":{"line":9,"column":15},"end":{"line":9,"column":48}}],"line":8},"2":{"loc":{"start":{"line":10,"column":12},"end":{"line":19,"column":13}},"type":"if","locations":[{"start":{"line":10,"column":12},"end":{"line":19,"column":13}},{"start":{"line":10,"column":12},"end":{"line":19,"column":13}}],"line":10}},"s":{"0":1,"1":4,"2":217,"3":44,"4":44,"5":44,"6":0,"7":173,"8":1},"f":{"0":4,"1":217},"b":{"0":[44,173],"1":[217,45],"2":[44,0]},"_coverageSchema":"332fd63041d2c1bcb487cc26dd0d5f7d97098a6c","hash":"0205703e72ac8ef444fb79a2c90e512c66ba63b3"}
,"C:\\Users\\Orel Balilti\\Documents\\Projects\\Sugoi\\redis\\dist\\classes\\script-loader.class.js": {"path":"C:\\Users\\Orel Balilti\\Documents\\Projects\\Sugoi\\redis\\dist\\classes\\script-loader.class.js","statementMap":{"0":{"start":{"line":2,"column":16},"end":{"line":9,"column":1}},"1":{"start":{"line":3,"column":4},"end":{"line":8,"column":7}},"2":{"start":{"line":4,"column":36},"end":{"line":4,"column":97}},"3":{"start":{"line":4,"column":42},"end":{"line":4,"column":70}},"4":{"start":{"line":4,"column":85},"end":{"line":4,"column":95}},"5":{"start":{"line":5,"column":35},"end":{"line":5,"column":100}},"6":{"start":{"line":5,"column":41},"end":{"line":5,"column":73}},"7":{"start":{"line":5,"column":88},"end":{"line":5,"column":98}},"8":{"start":{"line":6,"column":32},"end":{"line":6,"column":149}},"9":{"start":{"line":6,"column":97},"end":{"line":6,"column":119}},"10":{"start":{"line":7,"column":8},"end":{"line":7,"column":78}},"11":{"start":{"line":10,"column":0},"end":{"line":10,"column":62}},"12":{"start":{"line":11,"column":11},"end":{"line":11,"column":24}},"13":{"start":{"line":12,"column":15},"end":{"line":12,"column":30}},"14":{"start":{"line":15,"column":8},"end":{"line":15,"column":41}},"15":{"start":{"line":16,"column":8},"end":{"line":16,"column":26}},"16":{"start":{"line":19,"column":8},"end":{"line":19,"column":32}},"17":{"start":{"line":22,"column":8},"end":{"line":22,"column":59}},"18":{"start":{"line":22,"column":34},"end":{"line":22,"column":57}},"19":{"start":{"line":26,"column":8},"end":{"line":34,"column":9}},"20":{"start":{"line":27,"column":12},"end":{"line":27,"column":84}},"21":{"start":{"line":29,"column":13},"end":{"line":34,"column":9}},"22":{"start":{"line":30,"column":12},"end":{"line":30,"column":84}},"23":{"start":{"line":33,"column":12},"end":{"line":33,"column":74}},"24":{"start":{"line":35,"column":8},"end":{"line":37,"column":9}},"25":{"start":{"line":36,"column":12},"end":{"line":36,"column":50}},"26":{"start":{"line":38,"column":8},"end":{"line":40,"column":9}},"27":{"start":{"line":39,"column":12},"end":{"line":39,"column":50}},"28":{"start":{"line":41,"column":8},"end":{"line":41,"column":38}},"29":{"start":{"line":44,"column":8},"end":{"line":54,"column":11}},"30":{"start":{"line":44,"column":54},"end":{"line":44,"column":67}},"31":{"start":{"line":46,"column":12},"end":{"line":53,"column":17}},"32":{"start":{"line":46,"column":71},"end":{"line":53,"column":14}},"33":{"start":{"line":47,"column":16},"end":{"line":52,"column":17}},"34":{"start":{"line":48,"column":20},"end":{"line":48,"column":155}},"35":{"start":{"line":51,"column":20},"end":{"line":51,"column":155}},"36":{"start":{"line":57,"column":0},"end":{"line":57,"column":36}},"37":{"start":{"line":60,"column":8},"end":{"line":60,"column":41}},"38":{"start":{"line":61,"column":8},"end":{"line":61,"column":23}},"39":{"start":{"line":62,"column":8},"end":{"line":62,"column":23}},"40":{"start":{"line":65,"column":8},"end":{"line":65,"column":25}},"41":{"start":{"line":68,"column":8},"end":{"line":68,"column":25}},"42":{"start":{"line":71,"column":8},"end":{"line":71,"column":34}},"43":{"start":{"line":72,"column":8},"end":{"line":72,"column":20}},"44":{"start":{"line":75,"column":8},"end":{"line":75,"column":32}},"45":{"start":{"line":76,"column":8},"end":{"line":76,"column":20}},"46":{"start":{"line":79,"column":24},"end":{"line":81,"column":35}},"47":{"start":{"line":80,"column":77},"end":{"line":80,"column":94}},"48":{"start":{"line":82,"column":8},"end":{"line":89,"column":11}},"49":{"start":{"line":83,"column":12},"end":{"line":83,"column":33}},"50":{"start":{"line":84,"column":12},"end":{"line":84,"column":112}},"51":{"start":{"line":84,"column":42},"end":{"line":84,"column":110}},"52":{"start":{"line":84,"column":97},"end":{"line":84,"column":109}},"53":{"start":{"line":87,"column":12},"end":{"line":87,"column":27}},"54":{"start":{"line":88,"column":12},"end":{"line":88,"column":24}},"55":{"start":{"line":92,"column":0},"end":{"line":92,"column":24}}},"fnMap":{"0":{"name":"(anonymous_0)","decl":{"start":{"line":2,"column":44},"end":{"line":2,"column":45}},"loc":{"start":{"line":2,"column":89},"end":{"line":9,"column":1}},"line":2},"1":{"name":"(anonymous_1)","decl":{"start":{"line":3,"column":36},"end":{"line":3,"column":37}},"loc":{"start":{"line":3,"column":63},"end":{"line":8,"column":5}},"line":3},"2":{"name":"fulfilled","decl":{"start":{"line":4,"column":17},"end":{"line":4,"column":26}},"loc":{"start":{"line":4,"column":34},"end":{"line":4,"column":99}},"line":4},"3":{"name":"rejected","decl":{"start":{"line":5,"column":17},"end":{"line":5,"column":25}},"loc":{"start":{"line":5,"column":33},"end":{"line":5,"column":102}},"line":5},"4":{"name":"step","decl":{"start":{"line":6,"column":17},"end":{"line":6,"column":21}},"loc":{"start":{"line":6,"column":30},"end":{"line":6,"column":151}},"line":6},"5":{"name":"(anonymous_5)","decl":{"start":{"line":6,"column":76},"end":{"line":6,"column":77}},"loc":{"start":{"line":6,"column":95},"end":{"line":6,"column":121}},"line":6},"6":{"name":"(anonymous_6)","decl":{"start":{"line":14,"column":4},"end":{"line":14,"column":5}},"loc":{"start":{"line":14,"column":30},"end":{"line":17,"column":5}},"line":14},"7":{"name":"(anonymous_7)","decl":{"start":{"line":18,"column":4},"end":{"line":18,"column":5}},"loc":{"start":{"line":18,"column":12},"end":{"line":20,"column":5}},"line":18},"8":{"name":"(anonymous_8)","decl":{"start":{"line":21,"column":4},"end":{"line":21,"column":5}},"loc":{"start":{"line":21,"column":28},"end":{"line":23,"column":5}},"line":21},"9":{"name":"(anonymous_9)","decl":{"start":{"line":22,"column":24},"end":{"line":22,"column":25}},"loc":{"start":{"line":22,"column":34},"end":{"line":22,"column":57}},"line":22},"10":{"name":"(anonymous_10)","decl":{"start":{"line":24,"column":4},"end":{"line":24,"column":5}},"loc":{"start":{"line":24,"column":23},"end":{"line":42,"column":5}},"line":24},"11":{"name":"(anonymous_11)","decl":{"start":{"line":43,"column":4},"end":{"line":43,"column":5}},"loc":{"start":{"line":43,"column":18},"end":{"line":55,"column":5}},"line":43},"12":{"name":"(anonymous_12)","decl":{"start":{"line":44,"column":44},"end":{"line":44,"column":45}},"loc":{"start":{"line":44,"column":54},"end":{"line":44,"column":67}},"line":44},"13":{"name":"(anonymous_13)","decl":{"start":{"line":45,"column":18},"end":{"line":45,"column":19}},"loc":{"start":{"line":45,"column":39},"end":{"line":54,"column":9}},"line":45},"14":{"name":"(anonymous_14)","decl":{"start":{"line":46,"column":51},"end":{"line":46,"column":52}},"loc":{"start":{"line":46,"column":71},"end":{"line":53,"column":14}},"line":46},"15":{"name":"(anonymous_15)","decl":{"start":{"line":46,"column":103},"end":{"line":46,"column":104}},"loc":{"start":{"line":46,"column":116},"end":{"line":53,"column":13}},"line":46},"16":{"name":"(anonymous_16)","decl":{"start":{"line":59,"column":4},"end":{"line":59,"column":5}},"loc":{"start":{"line":59,"column":30},"end":{"line":63,"column":5}},"line":59},"17":{"name":"(anonymous_17)","decl":{"start":{"line":64,"column":4},"end":{"line":64,"column":5}},"loc":{"start":{"line":64,"column":21},"end":{"line":66,"column":5}},"line":64},"18":{"name":"(anonymous_18)","decl":{"start":{"line":67,"column":4},"end":{"line":67,"column":5}},"loc":{"start":{"line":67,"column":21},"end":{"line":69,"column":5}},"line":67},"19":{"name":"(anonymous_19)","decl":{"start":{"line":70,"column":4},"end":{"line":70,"column":5}},"loc":{"start":{"line":70,"column":23},"end":{"line":73,"column":5}},"line":70},"20":{"name":"(anonymous_20)","decl":{"start":{"line":74,"column":4},"end":{"line":74,"column":5}},"loc":{"start":{"line":74,"column":23},"end":{"line":77,"column":5}},"line":74},"21":{"name":"(anonymous_21)","decl":{"start":{"line":78,"column":4},"end":{"line":78,"column":5}},"loc":{"start":{"line":78,"column":21},"end":{"line":90,"column":5}},"line":78},"22":{"name":"(anonymous_22)","decl":{"start":{"line":80,"column":67},"end":{"line":80,"column":68}},"loc":{"start":{"line":80,"column":77},"end":{"line":80,"column":94}},"line":80},"23":{"name":"(anonymous_23)","decl":{"start":{"line":82,"column":42},"end":{"line":82,"column":43}},"loc":{"start":{"line":82,"column":54},"end":{"line":85,"column":9}},"line":82},"24":{"name":"(anonymous_24)","decl":{"start":{"line":84,"column":31},"end":{"line":84,"column":32}},"loc":{"start":{"line":84,"column":42},"end":{"line":84,"column":110}},"line":84},"25":{"name":"(anonymous_25)","decl":{"start":{"line":84,"column":83},"end":{"line":84,"column":84}},"loc":{"start":{"line":84,"column":97},"end":{"line":84,"column":109}},"line":84},"26":{"name":"(anonymous_26)","decl":{"start":{"line":86,"column":18},"end":{"line":86,"column":19}},"loc":{"start":{"line":86,"column":27},"end":{"line":89,"column":9}},"line":86}},"branchMap":{"0":{"loc":{"start":{"line":2,"column":16},"end":{"line":9,"column":1}},"type":"binary-expr","locations":[{"start":{"line":2,"column":17},"end":{"line":2,"column":21}},{"start":{"line":2,"column":25},"end":{"line":2,"column":39}},{"start":{"line":2,"column":44},"end":{"line":9,"column":1}}],"line":2},"1":{"loc":{"start":{"line":3,"column":16},"end":{"line":3,"column":34}},"type":"binary-expr","locations":[{"start":{"line":3,"column":16},"end":{"line":3,"column":17}},{"start":{"line":3,"column":22},"end":{"line":3,"column":33}}],"line":3},"2":{"loc":{"start":{"line":6,"column":32},"end":{"line":6,"column":148}},"type":"cond-expr","locations":[{"start":{"line":6,"column":46},"end":{"line":6,"column":67}},{"start":{"line":6,"column":70},"end":{"line":6,"column":148}}],"line":6},"3":{"loc":{"start":{"line":7,"column":51},"end":{"line":7,"column":67}},"type":"binary-expr","locations":[{"start":{"line":7,"column":51},"end":{"line":7,"column":61}},{"start":{"line":7,"column":65},"end":{"line":7,"column":67}}],"line":7},"4":{"loc":{"start":{"line":26,"column":8},"end":{"line":34,"column":9}},"type":"if","locations":[{"start":{"line":26,"column":8},"end":{"line":34,"column":9}},{"start":{"line":26,"column":8},"end":{"line":34,"column":9}}],"line":26},"5":{"loc":{"start":{"line":29,"column":13},"end":{"line":34,"column":9}},"type":"if","locations":[{"start":{"line":29,"column":13},"end":{"line":34,"column":9}},{"start":{"line":29,"column":13},"end":{"line":34,"column":9}}],"line":29},"6":{"loc":{"start":{"line":35,"column":8},"end":{"line":37,"column":9}},"type":"if","locations":[{"start":{"line":35,"column":8},"end":{"line":37,"column":9}},{"start":{"line":35,"column":8},"end":{"line":37,"column":9}}],"line":35},"7":{"loc":{"start":{"line":38,"column":8},"end":{"line":40,"column":9}},"type":"if","locations":[{"start":{"line":38,"column":8},"end":{"line":40,"column":9}},{"start":{"line":38,"column":8},"end":{"line":40,"column":9}}],"line":38},"8":{"loc":{"start":{"line":47,"column":16},"end":{"line":52,"column":17}},"type":"if","locations":[{"start":{"line":47,"column":16},"end":{"line":52,"column":17}},{"start":{"line":47,"column":16},"end":{"line":52,"column":17}}],"line":47},"9":{"loc":{"start":{"line":79,"column":24},"end":{"line":81,"column":35}},"type":"cond-expr","locations":[{"start":{"line":80,"column":14},"end":{"line":80,"column":95}},{"start":{"line":81,"column":14},"end":{"line":81,"column":35}}],"line":79}},"s":{"0":1,"1":2,"2":2,"3":2,"4":0,"5":0,"6":0,"7":0,"8":4,"9":2,"10":2,"11":1,"12":1,"13":1,"14":1,"15":1,"16":2,"17":2,"18":2,"19":2,"20":1,"21":1,"22":1,"23":0,"24":2,"25":1,"26":2,"27":1,"28":2,"29":2,"30":2,"31":2,"32":2,"33":2,"34":2,"35":0,"36":1,"37":2,"38":2,"39":2,"40":1,"41":1,"42":1,"43":1,"44":1,"45":1,"46":2,"47":1,"48":2,"49":2,"50":2,"51":2,"52":2,"53":2,"54":2,"55":1},"f":{"0":2,"1":2,"2":2,"3":0,"4":4,"5":2,"6":1,"7":2,"8":2,"9":2,"10":2,"11":2,"12":2,"13":2,"14":2,"15":2,"16":2,"17":1,"18":1,"19":1,"20":1,"21":2,"22":1,"23":2,"24":2,"25":2,"26":2},"b":{"0":[1,1,1],"1":[2,2],"2":[2,2],"3":[2,2],"4":[1,1],"5":[1,0],"6":[1,1],"7":[1,1],"8":[2,0],"9":[1,1]},"_coverageSchema":"332fd63041d2c1bcb487cc26dd0d5f7d97098a6c","hash":"6550d87a04d5e39a426d3d6241625fee6032fa18"}
,"C:\\Users\\Orel Balilti\\Documents\\Projects\\Sugoi\\redis\\dist\\classes\\script-resource.class.js": {"path":"C:\\Users\\Orel Balilti\\Documents\\Projects\\Sugoi\\redis\\dist\\classes\\script-resource.class.js","statementMap":{"0":{"start":{"line":2,"column":0},"end":{"line":2,"column":62}},"1":{"start":{"line":5,"column":8},"end":{"line":5,"column":33}},"2":{"start":{"line":6,"column":8},"end":{"line":6,"column":29}},"3":{"start":{"line":7,"column":8},"end":{"line":7,"column":25}},"4":{"start":{"line":8,"column":8},"end":{"line":8,"column":25}},"5":{"start":{"line":11,"column":8},"end":{"line":11,"column":38}},"6":{"start":{"line":14,"column":8},"end":{"line":14,"column":34}},"7":{"start":{"line":17,"column":8},"end":{"line":17,"column":25}},"8":{"start":{"line":18,"column":8},"end":{"line":18,"column":20}},"9":{"start":{"line":21,"column":8},"end":{"line":21,"column":25}},"10":{"start":{"line":22,"column":8},"end":{"line":22,"column":20}},"11":{"start":{"line":25,"column":0},"end":{"line":25,"column":40}}},"fnMap":{"0":{"name":"(anonymous_0)","decl":{"start":{"line":4,"column":4},"end":{"line":4,"column":5}},"loc":{"start":{"line":4,"column":46},"end":{"line":9,"column":5}},"line":4},"1":{"name":"(anonymous_1)","decl":{"start":{"line":10,"column":4},"end":{"line":10,"column":5}},"loc":{"start":{"line":10,"column":28},"end":{"line":12,"column":5}},"line":10},"2":{"name":"(anonymous_2)","decl":{"start":{"line":13,"column":4},"end":{"line":13,"column":5}},"loc":{"start":{"line":13,"column":28},"end":{"line":15,"column":5}},"line":13},"3":{"name":"(anonymous_3)","decl":{"start":{"line":16,"column":4},"end":{"line":16,"column":5}},"loc":{"start":{"line":16,"column":21},"end":{"line":19,"column":5}},"line":16},"4":{"name":"(anonymous_4)","decl":{"start":{"line":20,"column":4},"end":{"line":20,"column":5}},"loc":{"start":{"line":20,"column":21},"end":{"line":23,"column":5}},"line":20}},"branchMap":{},"s":{"0":1,"1":2,"2":2,"3":2,"4":2,"5":1,"6":1,"7":1,"8":1,"9":1,"10":1,"11":1},"f":{"0":2,"1":1,"2":1,"3":1,"4":1},"b":{},"_coverageSchema":"332fd63041d2c1bcb487cc26dd0d5f7d97098a6c","hash":"d179d057ab3676562116fc4c2f61b0c7f1684e61"}
,"C:\\Users\\Orel Balilti\\Documents\\Projects\\Sugoi\\redis\\dist\\constants\\exceptions.constant.js": {"path":"C:\\Users\\Orel Balilti\\Documents\\Projects\\Sugoi\\redis\\dist\\constants\\exceptions.constant.js","statementMap":{"0":{"start":{"line":2,"column":0},"end":{"line":2,"column":62}},"1":{"start":{"line":3,"column":0},"end":{"line":6,"column":2}}},"fnMap":{},"branchMap":{},"s":{"0":1,"1":1},"f":{},"b":{},"_coverageSchema":"332fd63041d2c1bcb487cc26dd0d5f7d97098a6c","hash":"e4f2be51c06e6cc03d713adac71229d76d8408e5"}
,"C:\\Users\\Orel Balilti\\Documents\\Projects\\Sugoi\\redis\\dist\\constants\\redis-connection-types.constants.js": {"path":"C:\\Users\\Orel Balilti\\Documents\\Projects\\Sugoi\\redis\\dist\\constants\\redis-connection-types.constants.js","statementMap":{"0":{"start":{"line":2,"column":0},"end":{"line":2,"column":62}},"1":{"start":{"line":4,"column":0},"end":{"line":8,"column":95}},"2":{"start":{"line":5,"column":4},"end":{"line":5,"column":44}},"3":{"start":{"line":6,"column":4},"end":{"line":6,"column":40}},"4":{"start":{"line":7,"column":4},"end":{"line":7,"column":40}}},"fnMap":{"0":{"name":"(anonymous_0)","decl":{"start":{"line":4,"column":1},"end":{"line":4,"column":2}},"loc":{"start":{"line":4,"column":33},"end":{"line":8,"column":1}},"line":4}},"branchMap":{"0":{"loc":{"start":{"line":8,"column":26},"end":{"line":8,"column":93}},"type":"binary-expr","locations":[{"start":{"line":8,"column":26},"end":{"line":8,"column":54}},{"start":{"line":8,"column":59},"end":{"line":8,"column":92}}],"line":8}},"s":{"0":1,"1":1,"2":1,"3":1,"4":1},"f":{"0":1},"b":{"0":[1,1]},"_coverageSchema":"332fd63041d2c1bcb487cc26dd0d5f7d97098a6c","hash":"c980b88cf791adb3a5e6084eaee486def24d7693"}
,"C:\\Users\\Orel Balilti\\Documents\\Projects\\Sugoi\\redis\\dist\\decorators\\on-message.decorator.js": {"path":"C:\\Users\\Orel Balilti\\Documents\\Projects\\Sugoi\\redis\\dist\\decorators\\on-message.decorator.js","statementMap":{"0":{"start":{"line":2,"column":16},"end":{"line":9,"column":1}},"1":{"start":{"line":3,"column":4},"end":{"line":8,"column":7}},"2":{"start":{"line":4,"column":36},"end":{"line":4,"column":97}},"3":{"start":{"line":4,"column":42},"end":{"line":4,"column":70}},"4":{"start":{"line":4,"column":85},"end":{"line":4,"column":95}},"5":{"start":{"line":5,"column":35},"end":{"line":5,"column":100}},"6":{"start":{"line":5,"column":41},"end":{"line":5,"column":73}},"7":{"start":{"line":5,"column":88},"end":{"line":5,"column":98}},"8":{"start":{"line":6,"column":32},"end":{"line":6,"column":149}},"9":{"start":{"line":6,"column":97},"end":{"line":6,"column":119}},"10":{"start":{"line":7,"column":8},"end":{"line":7,"column":78}},"11":{"start":{"line":10,"column":0},"end":{"line":10,"column":62}},"12":{"start":{"line":11,"column":25},"end":{"line":11,"column":62}},"13":{"start":{"line":12,"column":0},"end":{"line":12,"column":58}},"14":{"start":{"line":13,"column":0},"end":{"line":13,"column":58}},"15":{"start":{"line":15,"column":4},"end":{"line":18,"column":5}},"16":{"start":{"line":16,"column":8},"end":{"line":16,"column":44}},"17":{"start":{"line":17,"column":8},"end":{"line":17,"column":30}},"18":{"start":{"line":19,"column":4},"end":{"line":21,"column":5}},"19":{"start":{"line":20,"column":8},"end":{"line":20,"column":42}},"20":{"start":{"line":22,"column":4},"end":{"line":24,"column":6}},"21":{"start":{"line":23,"column":8},"end":{"line":23,"column":120}},"22":{"start":{"line":26,"column":0},"end":{"line":26,"column":40}},"23":{"start":{"line":28,"column":4},"end":{"line":31,"column":5}},"24":{"start":{"line":29,"column":8},"end":{"line":29,"column":44}},"25":{"start":{"line":30,"column":8},"end":{"line":30,"column":30}},"26":{"start":{"line":32,"column":4},"end":{"line":34,"column":5}},"27":{"start":{"line":33,"column":8},"end":{"line":33,"column":42}},"28":{"start":{"line":35,"column":4},"end":{"line":40,"column":6}},"29":{"start":{"line":36,"column":8},"end":{"line":38,"column":9}},"30":{"start":{"line":37,"column":12},"end":{"line":37,"column":46}},"31":{"start":{"line":39,"column":8},"end":{"line":39,"column":120}},"32":{"start":{"line":42,"column":0},"end":{"line":42,"column":42}},"33":{"start":{"line":44,"column":22},"end":{"line":44,"column":37}},"34":{"start":{"line":45,"column":21},"end":{"line":58,"column":6}},"35":{"start":{"line":46,"column":54},"end":{"line":57,"column":10}},"36":{"start":{"line":48,"column":12},"end":{"line":53,"column":13}},"37":{"start":{"line":49,"column":16},"end":{"line":49,"column":65}},"38":{"start":{"line":50,"column":16},"end":{"line":52,"column":17}},"39":{"start":{"line":51,"column":20},"end":{"line":51,"column":26}},"40":{"start":{"line":54,"column":12},"end":{"line":56,"column":13}},"41":{"start":{"line":55,"column":16},"end":{"line":55,"column":57}},"42":{"start":{"line":59,"column":20},"end":{"line":59,"column":105}},"43":{"start":{"line":60,"column":4},"end":{"line":60,"column":48}},"44":{"start":{"line":61,"column":4},"end":{"line":61,"column":89}}},"fnMap":{"0":{"name":"(anonymous_0)","decl":{"start":{"line":2,"column":44},"end":{"line":2,"column":45}},"loc":{"start":{"line":2,"column":89},"end":{"line":9,"column":1}},"line":2},"1":{"name":"(anonymous_1)","decl":{"start":{"line":3,"column":36},"end":{"line":3,"column":37}},"loc":{"start":{"line":3,"column":63},"end":{"line":8,"column":5}},"line":3},"2":{"name":"fulfilled","decl":{"start":{"line":4,"column":17},"end":{"line":4,"column":26}},"loc":{"start":{"line":4,"column":34},"end":{"line":4,"column":99}},"line":4},"3":{"name":"rejected","decl":{"start":{"line":5,"column":17},"end":{"line":5,"column":25}},"loc":{"start":{"line":5,"column":33},"end":{"line":5,"column":102}},"line":5},"4":{"name":"step","decl":{"start":{"line":6,"column":17},"end":{"line":6,"column":21}},"loc":{"start":{"line":6,"column":30},"end":{"line":6,"column":151}},"line":6},"5":{"name":"(anonymous_5)","decl":{"start":{"line":6,"column":76},"end":{"line":6,"column":77}},"loc":{"start":{"line":6,"column":95},"end":{"line":6,"column":121}},"line":6},"6":{"name":"OnRedisMessage","decl":{"start":{"line":14,"column":9},"end":{"line":14,"column":23}},"loc":{"start":{"line":14,"column":72},"end":{"line":25,"column":1}},"line":14},"7":{"name":"(anonymous_7)","decl":{"start":{"line":22,"column":11},"end":{"line":22,"column":12}},"loc":{"start":{"line":22,"column":51},"end":{"line":24,"column":5}},"line":22},"8":{"name":"OnRedisPMessage","decl":{"start":{"line":27,"column":9},"end":{"line":27,"column":24}},"loc":{"start":{"line":27,"column":73},"end":{"line":41,"column":1}},"line":27},"9":{"name":"(anonymous_9)","decl":{"start":{"line":35,"column":11},"end":{"line":35,"column":12}},"loc":{"start":{"line":35,"column":51},"end":{"line":40,"column":5}},"line":35},"10":{"name":"registerMeta","decl":{"start":{"line":43,"column":9},"end":{"line":43,"column":21}},"loc":{"start":{"line":43,"column":87},"end":{"line":62,"column":1}},"line":43},"11":{"name":"(anonymous_11)","decl":{"start":{"line":46,"column":15},"end":{"line":46,"column":16}},"loc":{"start":{"line":46,"column":54},"end":{"line":57,"column":10}},"line":46},"12":{"name":"(anonymous_12)","decl":{"start":{"line":46,"column":86},"end":{"line":46,"column":87}},"loc":{"start":{"line":46,"column":99},"end":{"line":57,"column":9}},"line":46}},"branchMap":{"0":{"loc":{"start":{"line":2,"column":16},"end":{"line":9,"column":1}},"type":"binary-expr","locations":[{"start":{"line":2,"column":17},"end":{"line":2,"column":21}},{"start":{"line":2,"column":25},"end":{"line":2,"column":39}},{"start":{"line":2,"column":44},"end":{"line":9,"column":1}}],"line":2},"1":{"loc":{"start":{"line":3,"column":16},"end":{"line":3,"column":34}},"type":"binary-expr","locations":[{"start":{"line":3,"column":16},"end":{"line":3,"column":17}},{"start":{"line":3,"column":22},"end":{"line":3,"column":33}}],"line":3},"2":{"loc":{"start":{"line":6,"column":32},"end":{"line":6,"column":148}},"type":"cond-expr","locations":[{"start":{"line":6,"column":46},"end":{"line":6,"column":67}},{"start":{"line":6,"column":70},"end":{"line":6,"column":148}}],"line":6},"3":{"loc":{"start":{"line":7,"column":51},"end":{"line":7,"column":67}},"type":"binary-expr","locations":[{"start":{"line":7,"column":51},"end":{"line":7,"column":61}},{"start":{"line":7,"column":65},"end":{"line":7,"column":67}}],"line":7},"4":{"loc":{"start":{"line":14,"column":33},"end":{"line":14,"column":54}},"type":"default-arg","locations":[{"start":{"line":14,"column":50},"end":{"line":14,"column":54}}],"line":14},"5":{"loc":{"start":{"line":15,"column":4},"end":{"line":18,"column":5}},"type":"if","locations":[{"start":{"line":15,"column":4},"end":{"line":18,"column":5}},{"start":{"line":15,"column":4},"end":{"line":18,"column":5}}],"line":15},"6":{"loc":{"start":{"line":19,"column":4},"end":{"line":21,"column":5}},"type":"if","locations":[{"start":{"line":19,"column":4},"end":{"line":21,"column":5}},{"start":{"line":19,"column":4},"end":{"line":21,"column":5}}],"line":19},"7":{"loc":{"start":{"line":27,"column":34},"end":{"line":27,"column":55}},"type":"default-arg","locations":[{"start":{"line":27,"column":51},"end":{"line":27,"column":55}}],"line":27},"8":{"loc":{"start":{"line":28,"column":4},"end":{"line":31,"column":5}},"type":"if","locations":[{"start":{"line":28,"column":4},"end":{"line":31,"column":5}},{"start":{"line":28,"column":4},"end":{"line":31,"column":5}}],"line":28},"9":{"loc":{"start":{"line":32,"column":4},"end":{"line":34,"column":5}},"type":"if","locations":[{"start":{"line":32,"column":4},"end":{"line":34,"column":5}},{"start":{"line":32,"column":4},"end":{"line":34,"column":5}}],"line":32},"10":{"loc":{"start":{"line":36,"column":8},"end":{"line":38,"column":9}},"type":"if","locations":[{"start":{"line":36,"column":8},"end":{"line":38,"column":9}},{"start":{"line":36,"column":8},"end":{"line":38,"column":9}}],"line":36},"11":{"loc":{"start":{"line":50,"column":16},"end":{"line":52,"column":17}},"type":"if","locations":[{"start":{"line":50,"column":16},"end":{"line":52,"column":17}},{"start":{"line":50,"column":16},"end":{"line":52,"column":17}}],"line":50},"12":{"loc":{"start":{"line":54,"column":12},"end":{"line":56,"column":13}},"type":"if","locations":[{"start":{"line":54,"column":12},"end":{"line":56,"column":13}},{"start":{"line":54,"column":12},"end":{"line":56,"column":13}}],"line":54},"13":{"loc":{"start":{"line":59,"column":20},"end":{"line":59,"column":105}},"type":"binary-expr","locations":[{"start":{"line":59,"column":20},"end":{"line":59,"column":92}},{"start":{"line":59,"column":96},"end":{"line":59,"column":105}}],"line":59}},"s":{"0":1,"1":4,"2":4,"3":4,"4":0,"5":0,"6":0,"7":0,"8":8,"9":4,"10":4,"11":1,"12":1,"13":1,"14":1,"15":1,"16":1,"17":1,"18":1,"19":1,"20":1,"21":1,"22":1,"23":1,"24":0,"25":0,"26":1,"27":1,"28":1,"29":1,"30":0,"31":1,"32":1,"33":2,"34":2,"35":4,"36":4,"37":4,"38":4,"39":0,"40":4,"41":4,"42":2,"43":2,"44":2},"f":{"0":4,"1":4,"2":4,"3":0,"4":8,"5":4,"6":1,"7":1,"8":1,"9":1,"10":2,"11":4,"12":4},"b":{"0":[1,1,1],"1":[4,4],"2":[4,4],"3":[4,4],"4":[0],"5":[1,0],"6":[1,0],"7":[0],"8":[0,1],"9":[1,0],"10":[0,1],"11":[0,4],"12":[4,0],"13":[2,2]},"_coverageSchema":"332fd63041d2c1bcb487cc26dd0d5f7d97098a6c","hash":"09a120018de599b9fc912e6e3b99cbd48f41d4bf"}
,"C:\\Users\\Orel Balilti\\Documents\\Projects\\Sugoi\\redis\\dist\\exceptions\\redis.exception.js": {"path":"C:\\Users\\Orel Balilti\\Documents\\Projects\\Sugoi\\redis\\dist\\exceptions\\redis.exception.js","statementMap":{"0":{"start":{"line":2,"column":0},"end":{"line":2,"column":62}},"1":{"start":{"line":3,"column":15},"end":{"line":3,"column":37}},"2":{"start":{"line":6,"column":0},"end":{"line":6,"column":32}}},"fnMap":{},"branchMap":{},"s":{"0":1,"1":1,"2":1},"f":{},"b":{},"_coverageSchema":"332fd63041d2c1bcb487cc26dd0d5f7d97098a6c","hash":"5c9202cb9fc25f331ade051083ecfeec41fff2df"}
,"C:\\Users\\Orel Balilti\\Documents\\Projects\\Sugoi\\redis\\dist\\services\\redis.provider.js": {"path":"C:\\Users\\Orel Balilti\\Documents\\Projects\\Sugoi\\redis\\dist\\services\\redis.provider.js","statementMap":{"0":{"start":{"line":2,"column":0},"end":{"line":2,"column":62}},"1":{"start":{"line":3,"column":16},"end":{"line":3,"column":32}},"2":{"start":{"line":4,"column":26},"end":{"line":4,"column":66}},"3":{"start":{"line":5,"column":30},"end":{"line":5,"column":73}},"4":{"start":{"line":6,"column":16},"end":{"line":6,"column":37}},"5":{"start":{"line":7,"column":15},"end":{"line":7,"column":30}},"6":{"start":{"line":8,"column":43},"end":{"line":8,"column":99}},"7":{"start":{"line":9,"column":32},"end":{"line":9,"column":75}},"8":{"start":{"line":10,"column":20},"end":{"line":10,"column":54}},"9":{"start":{"line":11,"column":32},"end":{"line":11,"column":75}},"10":{"start":{"line":12,"column":30},"end":{"line":12,"column":71}},"11":{"start":{"line":13,"column":31},"end":{"line":13,"column":76}},"12":{"start":{"line":16,"column":8},"end":{"line":16,"column":46}},"13":{"start":{"line":17,"column":8},"end":{"line":17,"column":89}},"14":{"start":{"line":18,"column":8},"end":{"line":18,"column":30}},"15":{"start":{"line":19,"column":8},"end":{"line":21,"column":9}},"16":{"start":{"line":20,"column":12},"end":{"line":20,"column":62}},"17":{"start":{"line":22,"column":8},"end":{"line":22,"column":67}},"18":{"start":{"line":23,"column":8},"end":{"line":23,"column":26}},"19":{"start":{"line":24,"column":8},"end":{"line":24,"column":37}},"20":{"start":{"line":27,"column":8},"end":{"line":27,"column":34}},"21":{"start":{"line":30,"column":8},"end":{"line":30,"column":33}},"22":{"start":{"line":33,"column":8},"end":{"line":33,"column":36}},"23":{"start":{"line":37,"column":8},"end":{"line":37,"column":28}},"24":{"start":{"line":41,"column":8},"end":{"line":41,"column":28}},"25":{"start":{"line":44,"column":22},"end":{"line":44,"column":207}},"26":{"start":{"line":45,"column":29},"end":{"line":45,"column":31}},"27":{"start":{"line":46,"column":8},"end":{"line":60,"column":9}},"28":{"start":{"line":48,"column":12},"end":{"line":59,"column":13}},"29":{"start":{"line":49,"column":16},"end":{"line":49,"column":85}},"30":{"start":{"line":50,"column":16},"end":{"line":50,"column":53}},"31":{"start":{"line":51,"column":26},"end":{"line":55,"column":18}},"32":{"start":{"line":52,"column":20},"end":{"line":54,"column":23}},"33":{"start":{"line":53,"column":24},"end":{"line":53,"column":37}},"34":{"start":{"line":56,"column":16},"end":{"line":56,"column":37}},"35":{"start":{"line":61,"column":8},"end":{"line":61,"column":91}},"36":{"start":{"line":61,"column":53},"end":{"line":61,"column":89}},"37":{"start":{"line":61,"column":73},"end":{"line":61,"column":88}},"38":{"start":{"line":64,"column":8},"end":{"line":64,"column":66}},"39":{"start":{"line":67,"column":23},"end":{"line":67,"column":63}},"40":{"start":{"line":68,"column":8},"end":{"line":68,"column":67}},"41":{"start":{"line":71,"column":23},"end":{"line":71,"column":49}},"42":{"start":{"line":72,"column":8},"end":{"line":97,"column":86}},"43":{"start":{"line":73,"column":12},"end":{"line":90,"column":13}},"44":{"start":{"line":74,"column":16},"end":{"line":74,"column":52}},"45":{"start":{"line":75,"column":16},"end":{"line":77,"column":19}},"46":{"start":{"line":76,"column":20},"end":{"line":76,"column":149}},"47":{"start":{"line":78,"column":16},"end":{"line":80,"column":19}},"48":{"start":{"line":79,"column":20},"end":{"line":79,"column":129}},"49":{"start":{"line":83,"column":16},"end":{"line":83,"column":51}},"50":{"start":{"line":84,"column":16},"end":{"line":86,"column":19}},"51":{"start":{"line":85,"column":20},"end":{"line":85,"column":129}},"52":{"start":{"line":87,"column":16},"end":{"line":89,"column":19}},"53":{"start":{"line":88,"column":20},"end":{"line":88,"column":129}},"54":{"start":{"line":91,"column":12},"end":{"line":93,"column":15}},"55":{"start":{"line":92,"column":16},"end":{"line":92,"column":125}},"56":{"start":{"line":94,"column":12},"end":{"line":94,"column":97}},"57":{"start":{"line":94,"column":56},"end":{"line":94,"column":95}},"58":{"start":{"line":95,"column":12},"end":{"line":95,"column":98}},"59":{"start":{"line":95,"column":57},"end":{"line":95,"column":96}},"60":{"start":{"line":100,"column":23},"end":{"line":100,"column":49}},"61":{"start":{"line":101,"column":8},"end":{"line":118,"column":11}},"62":{"start":{"line":102,"column":12},"end":{"line":117,"column":13}},"63":{"start":{"line":103,"column":16},"end":{"line":108,"column":19}},"64":{"start":{"line":104,"column":20},"end":{"line":106,"column":21}},"65":{"start":{"line":105,"column":24},"end":{"line":105,"column":43}},"66":{"start":{"line":107,"column":20},"end":{"line":107,"column":34}},"67":{"start":{"line":111,"column":16},"end":{"line":116,"column":19}},"68":{"start":{"line":112,"column":20},"end":{"line":114,"column":21}},"69":{"start":{"line":113,"column":24},"end":{"line":113,"column":43}},"70":{"start":{"line":115,"column":20},"end":{"line":115,"column":34}},"71":{"start":{"line":121,"column":8},"end":{"line":121,"column":37}},"72":{"start":{"line":122,"column":8},"end":{"line":122,"column":34}},"73":{"start":{"line":125,"column":8},"end":{"line":127,"column":9}},"74":{"start":{"line":126,"column":12},"end":{"line":126,"column":86}},"75":{"start":{"line":128,"column":8},"end":{"line":128,"column":51}},"76":{"start":{"line":131,"column":8},"end":{"line":134,"column":11}},"77":{"start":{"line":132,"column":12},"end":{"line":132,"column":39}},"78":{"start":{"line":133,"column":12},"end":{"line":133,"column":23}},"79":{"start":{"line":138,"column":8},"end":{"line":138,"column":67}},"80":{"start":{"line":141,"column":8},"end":{"line":141,"column":62}},"81":{"start":{"line":142,"column":8},"end":{"line":142,"column":61}},"82":{"start":{"line":143,"column":8},"end":{"line":146,"column":9}},"83":{"start":{"line":144,"column":12},"end":{"line":144,"column":63}},"84":{"start":{"line":145,"column":12},"end":{"line":145,"column":62}},"85":{"start":{"line":149,"column":22},"end":{"line":149,"column":125}},"86":{"start":{"line":150,"column":8},"end":{"line":150,"column":27}},"87":{"start":{"line":151,"column":30},"end":{"line":151,"column":49}},"88":{"start":{"line":152,"column":26},"end":{"line":152,"column":85}},"89":{"start":{"line":153,"column":8},"end":{"line":153,"column":71}},"90":{"start":{"line":154,"column":8},"end":{"line":155,"column":19}},"91":{"start":{"line":155,"column":12},"end":{"line":155,"column":19}},"92":{"start":{"line":156,"column":8},"end":{"line":160,"column":11}},"93":{"start":{"line":157,"column":12},"end":{"line":159,"column":60}},"94":{"start":{"line":158,"column":50},"end":{"line":158,"column":103}},"95":{"start":{"line":159,"column":36},"end":{"line":159,"column":58}},"96":{"start":{"line":163,"column":8},"end":{"line":163,"column":118}},"97":{"start":{"line":164,"column":8},"end":{"line":164,"column":23}},"98":{"start":{"line":167,"column":8},"end":{"line":167,"column":143}},"99":{"start":{"line":170,"column":8},"end":{"line":170,"column":143}},"100":{"start":{"line":173,"column":8},"end":{"line":177,"column":9}},"101":{"start":{"line":174,"column":12},"end":{"line":174,"column":79}},"102":{"start":{"line":178,"column":25},"end":{"line":178,"column":158}},"103":{"start":{"line":179,"column":8},"end":{"line":179,"column":113}},"104":{"start":{"line":180,"column":8},"end":{"line":180,"column":24}},"105":{"start":{"line":183,"column":8},"end":{"line":183,"column":89}},"106":{"start":{"line":184,"column":8},"end":{"line":189,"column":9}},"107":{"start":{"line":185,"column":12},"end":{"line":185,"column":65}},"108":{"start":{"line":188,"column":12},"end":{"line":188,"column":197}},"109":{"start":{"line":192,"column":8},"end":{"line":192,"column":76}},"110":{"start":{"line":192,"column":64},"end":{"line":192,"column":74}},"111":{"start":{"line":195,"column":8},"end":{"line":195,"column":53}},"112":{"start":{"line":198,"column":0},"end":{"line":198,"column":49}},"113":{"start":{"line":199,"column":0},"end":{"line":199,"column":61}},"114":{"start":{"line":200,"column":0},"end":{"line":200,"column":73}},"115":{"start":{"line":201,"column":0},"end":{"line":201,"column":37}},"116":{"start":{"line":202,"column":0},"end":{"line":202,"column":38}},"117":{"start":{"line":203,"column":0},"end":{"line":203,"column":38}}},"fnMap":{"0":{"name":"(anonymous_0)","decl":{"start":{"line":15,"column":4},"end":{"line":15,"column":5}},"loc":{"start":{"line":15,"column":56},"end":{"line":25,"column":5}},"line":15},"1":{"name":"(anonymous_1)","decl":{"start":{"line":26,"column":4},"end":{"line":26,"column":5}},"loc":{"start":{"line":26,"column":34},"end":{"line":28,"column":5}},"line":26},"2":{"name":"(anonymous_2)","decl":{"start":{"line":29,"column":4},"end":{"line":29,"column":5}},"loc":{"start":{"line":29,"column":29},"end":{"line":31,"column":5}},"line":29},"3":{"name":"(anonymous_3)","decl":{"start":{"line":32,"column":4},"end":{"line":32,"column":5}},"loc":{"start":{"line":32,"column":25},"end":{"line":34,"column":5}},"line":32},"4":{"name":"(anonymous_4)","decl":{"start":{"line":36,"column":4},"end":{"line":36,"column":5}},"loc":{"start":{"line":36,"column":17},"end":{"line":38,"column":5}},"line":36},"5":{"name":"(anonymous_5)","decl":{"start":{"line":40,"column":4},"end":{"line":40,"column":5}},"loc":{"start":{"line":40,"column":21},"end":{"line":42,"column":5}},"line":40},"6":{"name":"(anonymous_6)","decl":{"start":{"line":43,"column":4},"end":{"line":43,"column":5}},"loc":{"start":{"line":43,"column":11},"end":{"line":62,"column":5}},"line":43},"7":{"name":"(anonymous_7)","decl":{"start":{"line":51,"column":38},"end":{"line":51,"column":39}},"loc":{"start":{"line":51,"column":49},"end":{"line":55,"column":17}},"line":51},"8":{"name":"(anonymous_8)","decl":{"start":{"line":52,"column":32},"end":{"line":52,"column":33}},"loc":{"start":{"line":52,"column":46},"end":{"line":54,"column":21}},"line":52},"9":{"name":"(anonymous_9)","decl":{"start":{"line":61,"column":46},"end":{"line":61,"column":47}},"loc":{"start":{"line":61,"column":53},"end":{"line":61,"column":89}},"line":61},"10":{"name":"(anonymous_10)","decl":{"start":{"line":61,"column":63},"end":{"line":61,"column":64}},"loc":{"start":{"line":61,"column":73},"end":{"line":61,"column":88}},"line":61},"11":{"name":"(anonymous_11)","decl":{"start":{"line":63,"column":4},"end":{"line":63,"column":5}},"loc":{"start":{"line":63,"column":36},"end":{"line":65,"column":5}},"line":63},"12":{"name":"(anonymous_12)","decl":{"start":{"line":66,"column":4},"end":{"line":66,"column":5}},"loc":{"start":{"line":66,"column":28},"end":{"line":69,"column":5}},"line":66},"13":{"name":"(anonymous_13)","decl":{"start":{"line":70,"column":4},"end":{"line":70,"column":5}},"loc":{"start":{"line":70,"column":47},"end":{"line":98,"column":5}},"line":70},"14":{"name":"(anonymous_14)","decl":{"start":{"line":72,"column":41},"end":{"line":72,"column":42}},"loc":{"start":{"line":72,"column":48},"end":{"line":96,"column":9}},"line":72},"15":{"name":"(anonymous_15)","decl":{"start":{"line":75,"column":38},"end":{"line":75,"column":39}},"loc":{"start":{"line":75,"column":66},"end":{"line":77,"column":17}},"line":75},"16":{"name":"(anonymous_16)","decl":{"start":{"line":78,"column":40},"end":{"line":78,"column":41}},"loc":{"start":{"line":78,"column":59},"end":{"line":80,"column":17}},"line":78},"17":{"name":"(anonymous_17)","decl":{"start":{"line":84,"column":37},"end":{"line":84,"column":38}},"loc":{"start":{"line":84,"column":56},"end":{"line":86,"column":17}},"line":84},"18":{"name":"(anonymous_18)","decl":{"start":{"line":87,"column":39},"end":{"line":87,"column":40}},"loc":{"start":{"line":87,"column":58},"end":{"line":89,"column":17}},"line":87},"19":{"name":"(anonymous_19)","decl":{"start":{"line":91,"column":31},"end":{"line":91,"column":32}},"loc":{"start":{"line":91,"column":50},"end":{"line":93,"column":13}},"line":91},"20":{"name":"(anonymous_20)","decl":{"start":{"line":94,"column":37},"end":{"line":94,"column":38}},"loc":{"start":{"line":94,"column":56},"end":{"line":94,"column":95}},"line":94},"21":{"name":"(anonymous_21)","decl":{"start":{"line":95,"column":38},"end":{"line":95,"column":39}},"loc":{"start":{"line":95,"column":57},"end":{"line":95,"column":96}},"line":95},"22":{"name":"(anonymous_22)","decl":{"start":{"line":99,"column":4},"end":{"line":99,"column":5}},"loc":{"start":{"line":99,"column":50},"end":{"line":119,"column":5}},"line":99},"23":{"name":"(anonymous_23)","decl":{"start":{"line":101,"column":27},"end":{"line":101,"column":28}},"loc":{"start":{"line":101,"column":48},"end":{"line":118,"column":9}},"line":101},"24":{"name":"(anonymous_24)","decl":{"start":{"line":103,"column":59},"end":{"line":103,"column":60}},"loc":{"start":{"line":103,"column":74},"end":{"line":108,"column":17}},"line":103},"25":{"name":"(anonymous_25)","decl":{"start":{"line":111,"column":58},"end":{"line":111,"column":59}},"loc":{"start":{"line":111,"column":73},"end":{"line":116,"column":17}},"line":111},"26":{"name":"(anonymous_26)","decl":{"start":{"line":120,"column":4},"end":{"line":120,"column":5}},"loc":{"start":{"line":120,"column":27},"end":{"line":123,"column":5}},"line":120},"27":{"name":"(anonymous_27)","decl":{"start":{"line":124,"column":4},"end":{"line":124,"column":5}},"loc":{"start":{"line":124,"column":28},"end":{"line":129,"column":5}},"line":124},"28":{"name":"(anonymous_28)","decl":{"start":{"line":130,"column":4},"end":{"line":130,"column":5}},"loc":{"start":{"line":130,"column":18},"end":{"line":135,"column":5}},"line":130},"29":{"name":"(anonymous_29)","decl":{"start":{"line":131,"column":53},"end":{"line":131,"column":54}},"loc":{"start":{"line":131,"column":62},"end":{"line":134,"column":9}},"line":131},"30":{"name":"(anonymous_30)","decl":{"start":{"line":137,"column":4},"end":{"line":137,"column":5}},"loc":{"start":{"line":137,"column":17},"end":{"line":139,"column":5}},"line":137},"31":{"name":"(anonymous_31)","decl":{"start":{"line":140,"column":4},"end":{"line":140,"column":5}},"loc":{"start":{"line":140,"column":28},"end":{"line":147,"column":5}},"line":140},"32":{"name":"(anonymous_32)","decl":{"start":{"line":148,"column":4},"end":{"line":148,"column":5}},"loc":{"start":{"line":148,"column":45},"end":{"line":161,"column":5}},"line":148},"33":{"name":"(anonymous_33)","decl":{"start":{"line":156,"column":38},"end":{"line":156,"column":39}},"loc":{"start":{"line":156,"column":52},"end":{"line":160,"column":9}},"line":156},"34":{"name":"(anonymous_34)","decl":{"start":{"line":158,"column":41},"end":{"line":158,"column":42}},"loc":{"start":{"line":158,"column":50},"end":{"line":158,"column":103}},"line":158},"35":{"name":"(anonymous_35)","decl":{"start":{"line":159,"column":27},"end":{"line":159,"column":28}},"loc":{"start":{"line":159,"column":36},"end":{"line":159,"column":58}},"line":159},"36":{"name":"(anonymous_36)","decl":{"start":{"line":162,"column":4},"end":{"line":162,"column":5}},"loc":{"start":{"line":162,"column":39},"end":{"line":165,"column":5}},"line":162},"37":{"name":"(anonymous_37)","decl":{"start":{"line":166,"column":4},"end":{"line":166,"column":5}},"loc":{"start":{"line":166,"column":26},"end":{"line":168,"column":5}},"line":166},"38":{"name":"(anonymous_38)","decl":{"start":{"line":169,"column":4},"end":{"line":169,"column":5}},"loc":{"start":{"line":169,"column":23},"end":{"line":171,"column":5}},"line":169},"39":{"name":"(anonymous_39)","decl":{"start":{"line":172,"column":4},"end":{"line":172,"column":5}},"loc":{"start":{"line":172,"column":182},"end":{"line":181,"column":5}},"line":172},"40":{"name":"(anonymous_40)","decl":{"start":{"line":182,"column":4},"end":{"line":182,"column":5}},"loc":{"start":{"line":182,"column":161},"end":{"line":190,"column":5}},"line":182},"41":{"name":"(anonymous_41)","decl":{"start":{"line":191,"column":4},"end":{"line":191,"column":5}},"loc":{"start":{"line":191,"column":21},"end":{"line":193,"column":5}},"line":191},"42":{"name":"(anonymous_42)","decl":{"start":{"line":192,"column":57},"end":{"line":192,"column":58}},"loc":{"start":{"line":192,"column":64},"end":{"line":192,"column":74}},"line":192},"43":{"name":"(anonymous_43)","decl":{"start":{"line":194,"column":4},"end":{"line":194,"column":5}},"loc":{"start":{"line":194,"column":61},"end":{"line":196,"column":5}},"line":194}},"branchMap":{"0":{"loc":{"start":{"line":19,"column":8},"end":{"line":21,"column":9}},"type":"if","locations":[{"start":{"line":19,"column":8},"end":{"line":21,"column":9}},{"start":{"line":19,"column":8},"end":{"line":21,"column":9}}],"line":19},"1":{"loc":{"start":{"line":19,"column":12},"end":{"line":19,"column":118}},"type":"binary-expr","locations":[{"start":{"line":19,"column":12},"end":{"line":19,"column":92}},{"start":{"line":19,"column":96},"end":{"line":19,"column":118}}],"line":19},"2":{"loc":{"start":{"line":73,"column":12},"end":{"line":90,"column":13}},"type":"if","locations":[{"start":{"line":73,"column":12},"end":{"line":90,"column":13}},{"start":{"line":73,"column":12},"end":{"line":90,"column":13}}],"line":73},"3":{"loc":{"start":{"line":102,"column":12},"end":{"line":117,"column":13}},"type":"if","locations":[{"start":{"line":102,"column":12},"end":{"line":117,"column":13}},{"start":{"line":102,"column":12},"end":{"line":117,"column":13}}],"line":102},"4":{"loc":{"start":{"line":104,"column":20},"end":{"line":106,"column":21}},"type":"if","locations":[{"start":{"line":104,"column":20},"end":{"line":106,"column":21}},{"start":{"line":104,"column":20},"end":{"line":106,"column":21}}],"line":104},"5":{"loc":{"start":{"line":112,"column":20},"end":{"line":114,"column":21}},"type":"if","locations":[{"start":{"line":112,"column":20},"end":{"line":114,"column":21}},{"start":{"line":112,"column":20},"end":{"line":114,"column":21}}],"line":112},"6":{"loc":{"start":{"line":125,"column":8},"end":{"line":127,"column":9}},"type":"if","locations":[{"start":{"line":125,"column":8},"end":{"line":127,"column":9}},{"start":{"line":125,"column":8},"end":{"line":127,"column":9}}],"line":125},"7":{"loc":{"start":{"line":143,"column":8},"end":{"line":146,"column":9}},"type":"if","locations":[{"start":{"line":143,"column":8},"end":{"line":146,"column":9}},{"start":{"line":143,"column":8},"end":{"line":146,"column":9}}],"line":143},"8":{"loc":{"start":{"line":149,"column":22},"end":{"line":149,"column":125}},"type":"cond-expr","locations":[{"start":{"line":149,"column":34},"end":{"line":149,"column":78}},{"start":{"line":149,"column":81},"end":{"line":149,"column":125}}],"line":149},"9":{"loc":{"start":{"line":154,"column":8},"end":{"line":155,"column":19}},"type":"if","locations":[{"start":{"line":154,"column":8},"end":{"line":155,"column":19}},{"start":{"line":154,"column":8},"end":{"line":155,"column":19}}],"line":154},"10":{"loc":{"start":{"line":172,"column":46},"end":{"line":172,"column":100}},"type":"default-arg","locations":[{"start":{"line":172,"column":63},"end":{"line":172,"column":100}}],"line":172},"11":{"loc":{"start":{"line":172,"column":102},"end":{"line":172,"column":180}},"type":"default-arg","locations":[{"start":{"line":172,"column":119},"end":{"line":172,"column":180}}],"line":172},"12":{"loc":{"start":{"line":182,"column":25},"end":{"line":182,"column":79}},"type":"default-arg","locations":[{"start":{"line":182,"column":42},"end":{"line":182,"column":79}}],"line":182},"13":{"loc":{"start":{"line":182,"column":81},"end":{"line":182,"column":159}},"type":"default-arg","locations":[{"start":{"line":182,"column":98},"end":{"line":182,"column":159}}],"line":182},"14":{"loc":{"start":{"line":184,"column":8},"end":{"line":189,"column":9}},"type":"if","locations":[{"start":{"line":184,"column":8},"end":{"line":189,"column":9}},{"start":{"line":184,"column":8},"end":{"line":189,"column":9}}],"line":184}},"s":{"0":1,"1":1,"2":1,"3":1,"4":1,"5":1,"6":1,"7":1,"8":1,"9":1,"10":1,"11":1,"12":4,"13":4,"14":4,"15":4,"16":1,"17":4,"18":4,"19":4,"20":0,"21":4,"22":12,"23":0,"24":19,"25":3,"26":3,"27":3,"28":9,"29":9,"30":9,"31":9,"32":9,"33":0,"34":9,"35":3,"36":0,"37":0,"38":52,"39":8,"40":8,"41":6,"42":6,"43":6,"44":3,"45":3,"46":8,"47":3,"48":4,"49":3,"50":3,"51":10,"52":3,"53":6,"54":6,"55":0,"56":6,"57":0,"58":6,"59":28,"60":6,"61":6,"62":6,"63":4,"64":0,"65":0,"66":0,"67":2,"68":0,"69":0,"70":0,"71":2,"72":2,"73":2,"74":1,"75":2,"76":2,"77":2,"78":2,"79":4,"80":4,"81":4,"82":4,"83":4,"84":4,"85":16,"86":16,"87":16,"88":16,"89":16,"90":16,"91":14,"92":2,"93":2,"94":8,"95":4,"96":28,"97":28,"98":12,"99":8,"100":21,"101":21,"102":4,"103":4,"104":4,"105":53,"106":53,"107":49,"108":4,"109":1,"110":3,"111":61,"112":1,"113":1,"114":1,"115":1,"116":1,"117":1},"f":{"0":4,"1":0,"2":4,"3":12,"4":0,"5":19,"6":3,"7":9,"8":0,"9":0,"10":0,"11":52,"12":8,"13":6,"14":6,"15":8,"16":4,"17":10,"18":6,"19":0,"20":0,"21":28,"22":6,"23":6,"24":0,"25":0,"26":2,"27":2,"28":2,"29":2,"30":4,"31":4,"32":16,"33":2,"34":8,"35":4,"36":28,"37":12,"38":8,"39":21,"40":53,"41":1,"42":3,"43":61},"b":{"0":[1,3],"1":[4,1],"2":[3,3],"3":[4,2],"4":[0,0],"5":[0,0],"6":[1,1],"7":[4,0],"8":[8,8],"9":[14,2],"10":[1],"11":[1],"12":[23],"13":[23],"14":[49,4]},"_coverageSchema":"332fd63041d2c1bcb487cc26dd0d5f7d97098a6c","hash":"ce724f494d991101bfcb613e70138522b29ab2d2"}
}
