TN:
SF:C:\Users\Orel Balilti\Documents\Projects\Sugoi\redis\dist\index.js
FNF:0
FNH:0
DA:2,1
DA:3,1
DA:4,1
DA:5,1
DA:6,1
DA:7,1
DA:8,1
DA:9,1
DA:10,1
DA:11,1
DA:12,1
DA:13,1
DA:14,1
DA:15,1
DA:16,1
DA:17,1
LF:16
LH:16
BRF:0
BRH:0
end_of_record
TN:
SF:C:\Users\Orel Balilti\Documents\Projects\Sugoi\redis\dist\classes\pub-sub-message.class.js
FN:4,(anonymous_0)
FN:14,(anonymous_1)
FN:21,(anonymous_2)
FNF:3
FNH:3
FNDA:56,(anonymous_0)
FNDA:8,(anonymous_1)
FNDA:1,(anonymous_2)
DA:2,1
DA:5,56
DA:6,56
DA:7,56
DA:8,56
DA:9,56
DA:10,0
DA:11,0
DA:15,8
DA:16,8
DA:19,1
DA:21,1
DA:22,1
DA:23,1
DA:24,1
DA:25,1
LF:16
LH:14
BRDA:9,0,0,0
BRDA:9,0,1,56
BRDA:26,1,0,1
BRDA:26,1,1,1
BRF:4
BRH:3
end_of_record
TN:
SF:C:\Users\Orel Balilti\Documents\Projects\Sugoi\redis\dist\classes\redis-intercept.proxy.js
FN:4,(anonymous_0)
FN:7,(anonymous_1)
FNF:2
FNH:2
FNDA:4,(anonymous_0)
FNDA:217,(anonymous_1)
DA:2,1
DA:5,4
DA:8,217
DA:10,44
DA:11,44
DA:13,44
DA:18,0
DA:21,173
DA:24,1
LF:9
LH:8
BRDA:8,0,0,44
BRDA:8,0,1,173
BRDA:8,1,0,217
BRDA:8,1,1,45
BRDA:10,2,0,44
BRDA:10,2,1,0
BRF:6
BRH:5
end_of_record
TN:
SF:C:\Users\Orel Balilti\Documents\Projects\Sugoi\redis\dist\classes\script-loader.class.js
FN:2,(anonymous_0)
FN:3,(anonymous_1)
FN:4,fulfilled
FN:5,rejected
FN:6,step
FN:6,(anonymous_5)
FN:14,(anonymous_6)
FN:18,(anonymous_7)
FN:21,(anonymous_8)
FN:22,(anonymous_9)
FN:24,(anonymous_10)
FN:43,(anonymous_11)
FN:44,(anonymous_12)
FN:45,(anonymous_13)
FN:46,(anonymous_14)
FN:46,(anonymous_15)
FN:59,(anonymous_16)
FN:64,(anonymous_17)
FN:67,(anonymous_18)
FN:70,(anonymous_19)
FN:74,(anonymous_20)
FN:78,(anonymous_21)
FN:80,(anonymous_22)
FN:82,(anonymous_23)
FN:84,(anonymous_24)
FN:84,(anonymous_25)
FN:86,(anonymous_26)
FNF:27
FNH:26
FNDA:2,(anonymous_0)
FNDA:2,(anonymous_1)
FNDA:2,fulfilled
FNDA:0,rejected
FNDA:4,step
FNDA:2,(anonymous_5)
FNDA:1,(anonymous_6)
FNDA:2,(anonymous_7)
FNDA:2,(anonymous_8)
FNDA:2,(anonymous_9)
FNDA:2,(anonymous_10)
FNDA:2,(anonymous_11)
FNDA:2,(anonymous_12)
FNDA:2,(anonymous_13)
FNDA:2,(anonymous_14)
FNDA:2,(anonymous_15)
FNDA:2,(anonymous_16)
FNDA:1,(anonymous_17)
FNDA:1,(anonymous_18)
FNDA:1,(anonymous_19)
FNDA:1,(anonymous_20)
FNDA:2,(anonymous_21)
FNDA:1,(anonymous_22)
FNDA:2,(anonymous_23)
FNDA:2,(anonymous_24)
FNDA:2,(anonymous_25)
FNDA:2,(anonymous_26)
DA:2,1
DA:3,2
DA:4,2
DA:5,0
DA:6,4
DA:7,2
DA:10,1
DA:11,1
DA:12,1
DA:15,1
DA:16,1
DA:19,2
DA:22,2
DA:26,2
DA:27,1
DA:29,1
DA:30,1
DA:33,0
DA:35,2
DA:36,1
DA:38,2
DA:39,1
DA:41,2
DA:44,2
DA:46,2
DA:47,2
DA:48,2
DA:51,0
DA:57,1
DA:60,2
DA:61,2
DA:62,2
DA:65,1
DA:68,1
DA:71,1
DA:72,1
DA:75,1
DA:76,1
DA:79,2
DA:80,1
DA:82,2
DA:83,2
DA:84,2
DA:87,2
DA:88,2
DA:92,1
LF:46
LH:43
BRDA:2,0,0,1
BRDA:2,0,1,1
BRDA:2,0,2,1
BRDA:3,1,0,2
BRDA:3,1,1,2
BRDA:6,2,0,2
BRDA:6,2,1,2
BRDA:7,3,0,2
BRDA:7,3,1,2
BRDA:26,4,0,1
BRDA:26,4,1,1
BRDA:29,5,0,1
BRDA:29,5,1,0
BRDA:35,6,0,1
BRDA:35,6,1,1
BRDA:38,7,0,1
BRDA:38,7,1,1
BRDA:47,8,0,2
BRDA:47,8,1,0
BRDA:79,9,0,1
BRDA:79,9,1,1
BRF:21
BRH:19
end_of_record
TN:
SF:C:\Users\Orel Balilti\Documents\Projects\Sugoi\redis\dist\classes\script-resource.class.js
FN:4,(anonymous_0)
FN:10,(anonymous_1)
FN:13,(anonymous_2)
FN:16,(anonymous_3)
FN:20,(anonymous_4)
FNF:5
FNH:5
FNDA:2,(anonymous_0)
FNDA:1,(anonymous_1)
FNDA:1,(anonymous_2)
FNDA:1,(anonymous_3)
FNDA:1,(anonymous_4)
DA:2,1
DA:5,2
DA:6,2
DA:7,2
DA:8,2
DA:11,1
DA:14,1
DA:17,1
DA:18,1
DA:21,1
DA:22,1
DA:25,1
LF:12
LH:12
BRF:0
BRH:0
end_of_record
TN:
SF:C:\Users\Orel Balilti\Documents\Projects\Sugoi\redis\dist\constants\exceptions.constant.js
FNF:0
FNH:0
DA:2,1
DA:3,1
LF:2
LH:2
BRF:0
BRH:0
end_of_record
TN:
SF:C:\Users\Orel Balilti\Documents\Projects\Sugoi\redis\dist\constants\redis-connection-types.constants.js
FN:4,(anonymous_0)
FNF:1
FNH:1
FNDA:1,(anonymous_0)
DA:2,1
DA:4,1
DA:5,1
DA:6,1
DA:7,1
LF:5
LH:5
BRDA:8,0,0,1
BRDA:8,0,1,1
BRF:2
BRH:2
end_of_record
TN:
SF:C:\Users\Orel Balilti\Documents\Projects\Sugoi\redis\dist\decorators\on-message.decorator.js
FN:2,(anonymous_0)
FN:3,(anonymous_1)
FN:4,fulfilled
FN:5,rejected
FN:6,step
FN:6,(anonymous_5)
FN:14,OnRedisMessage
FN:22,(anonymous_7)
FN:27,OnRedisPMessage
FN:35,(anonymous_9)
FN:43,registerMeta
FN:46,(anonymous_11)
FN:46,(anonymous_12)
FNF:13
FNH:12
FNDA:4,(anonymous_0)
FNDA:4,(anonymous_1)
FNDA:4,fulfilled
FNDA:0,rejected
FNDA:8,step
FNDA:4,(anonymous_5)
FNDA:1,OnRedisMessage
FNDA:1,(anonymous_7)
FNDA:1,OnRedisPMessage
FNDA:1,(anonymous_9)
FNDA:2,registerMeta
FNDA:4,(anonymous_11)
FNDA:4,(anonymous_12)
DA:2,1
DA:3,4
DA:4,4
DA:5,0
DA:6,8
DA:7,4
DA:10,1
DA:11,1
DA:12,1
DA:13,1
DA:15,1
DA:16,1
DA:17,1
DA:19,1
DA:20,1
DA:22,1
DA:23,1
DA:26,1
DA:28,1
DA:29,0
DA:30,0
DA:32,1
DA:33,1
DA:35,1
DA:36,1
DA:37,0
DA:39,1
DA:42,1
DA:44,2
DA:45,2
DA:46,4
DA:48,4
DA:49,4
DA:50,4
DA:51,0
DA:54,4
DA:55,4
DA:59,2
DA:60,2
DA:61,2
LF:40
LH:35
BRDA:2,0,0,1
BRDA:2,0,1,1
BRDA:2,0,2,1
BRDA:3,1,0,4
BRDA:3,1,1,4
BRDA:6,2,0,4
BRDA:6,2,1,4
BRDA:7,3,0,4
BRDA:7,3,1,4
BRDA:14,4,0,0
BRDA:15,5,0,1
BRDA:15,5,1,0
BRDA:19,6,0,1
BRDA:19,6,1,0
BRDA:27,7,0,0
BRDA:28,8,0,0
BRDA:28,8,1,1
BRDA:32,9,0,1
BRDA:32,9,1,0
BRDA:36,10,0,0
BRDA:36,10,1,1
BRDA:50,11,0,0
BRDA:50,11,1,4
BRDA:54,12,0,4
BRDA:54,12,1,0
BRDA:59,13,0,2
BRDA:59,13,1,2
BRF:27
BRH:18
end_of_record
TN:
SF:C:\Users\Orel Balilti\Documents\Projects\Sugoi\redis\dist\exceptions\redis.exception.js
FNF:0
FNH:0
DA:2,1
DA:3,1
DA:6,1
LF:3
LH:3
BRF:0
BRH:0
end_of_record
TN:
SF:C:\Users\Orel Balilti\Documents\Projects\Sugoi\redis\dist\services\redis.provider.js
FN:15,(anonymous_0)
FN:26,(anonymous_1)
FN:29,(anonymous_2)
FN:32,(anonymous_3)
FN:36,(anonymous_4)
FN:40,(anonymous_5)
FN:43,(anonymous_6)
FN:51,(anonymous_7)
FN:52,(anonymous_8)
FN:61,(anonymous_9)
FN:61,(anonymous_10)
FN:63,(anonymous_11)
FN:66,(anonymous_12)
FN:70,(anonymous_13)
FN:72,(anonymous_14)
FN:75,(anonymous_15)
FN:78,(anonymous_16)
FN:84,(anonymous_17)
FN:87,(anonymous_18)
FN:91,(anonymous_19)
FN:94,(anonymous_20)
FN:95,(anonymous_21)
FN:99,(anonymous_22)
FN:101,(anonymous_23)
FN:103,(anonymous_24)
FN:111,(anonymous_25)
FN:120,(anonymous_26)
FN:124,(anonymous_27)
FN:130,(anonymous_28)
FN:131,(anonymous_29)
FN:137,(anonymous_30)
FN:140,(anonymous_31)
FN:148,(anonymous_32)
FN:156,(anonymous_33)
FN:158,(anonymous_34)
FN:159,(anonymous_35)
FN:162,(anonymous_36)
FN:166,(anonymous_37)
FN:169,(anonymous_38)
FN:172,(anonymous_39)
FN:182,(anonymous_40)
FN:191,(anonymous_41)
FN:192,(anonymous_42)
FN:194,(anonymous_43)
FNF:44
FNH:35
FNDA:4,(anonymous_0)
FNDA:0,(anonymous_1)
FNDA:4,(anonymous_2)
FNDA:12,(anonymous_3)
FNDA:0,(anonymous_4)
FNDA:19,(anonymous_5)
FNDA:3,(anonymous_6)
FNDA:9,(anonymous_7)
FNDA:0,(anonymous_8)
FNDA:0,(anonymous_9)
FNDA:0,(anonymous_10)
FNDA:52,(anonymous_11)
FNDA:8,(anonymous_12)
FNDA:6,(anonymous_13)
FNDA:6,(anonymous_14)
FNDA:8,(anonymous_15)
FNDA:4,(anonymous_16)
FNDA:10,(anonymous_17)
FNDA:6,(anonymous_18)
FNDA:0,(anonymous_19)
FNDA:0,(anonymous_20)
FNDA:28,(anonymous_21)
FNDA:6,(anonymous_22)
FNDA:6,(anonymous_23)
FNDA:0,(anonymous_24)
FNDA:0,(anonymous_25)
FNDA:2,(anonymous_26)
FNDA:2,(anonymous_27)
FNDA:2,(anonymous_28)
FNDA:2,(anonymous_29)
FNDA:4,(anonymous_30)
FNDA:4,(anonymous_31)
FNDA:16,(anonymous_32)
FNDA:2,(anonymous_33)
FNDA:8,(anonymous_34)
FNDA:4,(anonymous_35)
FNDA:28,(anonymous_36)
FNDA:12,(anonymous_37)
FNDA:8,(anonymous_38)
FNDA:21,(anonymous_39)
FNDA:53,(anonymous_40)
FNDA:1,(anonymous_41)
FNDA:3,(anonymous_42)
FNDA:61,(anonymous_43)
DA:2,1
DA:3,1
DA:4,1
DA:5,1
DA:6,1
DA:7,1
DA:8,1
DA:9,1
DA:10,1
DA:11,1
DA:12,1
DA:13,1
DA:16,4
DA:17,4
DA:18,4
DA:19,4
DA:20,1
DA:22,4
DA:23,4
DA:24,4
DA:27,0
DA:30,4
DA:33,12
DA:37,0
DA:41,19
DA:44,3
DA:45,3
DA:46,3
DA:48,9
DA:49,9
DA:50,9
DA:51,9
DA:52,9
DA:53,0
DA:56,9
DA:61,3
DA:64,52
DA:67,8
DA:68,8
DA:71,6
DA:72,6
DA:73,6
DA:74,3
DA:75,3
DA:76,8
DA:78,3
DA:79,4
DA:83,3
DA:84,3
DA:85,10
DA:87,3
DA:88,6
DA:91,6
DA:92,0
DA:94,6
DA:95,28
DA:100,6
DA:101,6
DA:102,6
DA:103,4
DA:104,0
DA:105,0
DA:107,0
DA:111,2
DA:112,0
DA:113,0
DA:115,0
DA:121,2
DA:122,2
DA:125,2
DA:126,1
DA:128,2
DA:131,2
DA:132,2
DA:133,2
DA:138,4
DA:141,4
DA:142,4
DA:143,4
DA:144,4
DA:145,4
DA:149,16
DA:150,16
DA:151,16
DA:152,16
DA:153,16
DA:154,16
DA:155,14
DA:156,2
DA:157,2
DA:158,8
DA:159,4
DA:163,28
DA:164,28
DA:167,12
DA:170,8
DA:173,21
DA:174,21
DA:178,4
DA:179,4
DA:180,4
DA:183,53
DA:184,53
DA:185,49
DA:188,4
DA:192,3
DA:195,61
DA:198,1
DA:199,1
DA:200,1
DA:201,1
DA:202,1
DA:203,1
LF:113
LH:103
BRDA:19,0,0,1
BRDA:19,0,1,3
BRDA:19,1,0,4
BRDA:19,1,1,1
BRDA:73,2,0,3
BRDA:73,2,1,3
BRDA:102,3,0,4
BRDA:102,3,1,2
BRDA:104,4,0,0
BRDA:104,4,1,0
BRDA:112,5,0,0
BRDA:112,5,1,0
BRDA:125,6,0,1
BRDA:125,6,1,1
BRDA:143,7,0,4
BRDA:143,7,1,0
BRDA:149,8,0,8
BRDA:149,8,1,8
BRDA:154,9,0,14
BRDA:154,9,1,2
BRDA:172,10,0,1
BRDA:172,11,0,1
BRDA:182,12,0,23
BRDA:182,13,0,23
BRDA:184,14,0,49
BRDA:184,14,1,4
BRF:26
BRH:21
end_of_record
